<?xml version="1.0" encoding="UTF-8"?>
<!-- Generated by org.testng.reporters.JUnitReportReporter -->
<testsuite hostname="ChunGDellVostro" failures="0" tests="1" name="example.EcomBookingScript" time="46.356" errors="0" timestamp="15 Jun 2018 17:39:41 GMT">
  <testcase classname="example.EcomBookingScript" name="runBooking" time="46.356"/>
</testsuite> <!-- example.EcomBookingScript -->
