<?xml version="1.0" encoding="UTF-8"?>
<!-- Generated by org.testng.reporters.JUnitReportReporter -->
<testsuite hostname="ChunGDellVostro" failures="0" tests="1" name="example.NewTest" time="4.442" errors="0" timestamp="15 Jun 2018 17:20:37 GMT">
  <testcase classname="example.NewTest" name="testEasy" time="4.442"/>
</testsuite> <!-- example.NewTest -->
